<?xml version="1.0" encoding="UTF-8"?>
<!-- Generated by org.testng.reporters.JUnitReportReporter -->
<testsuite skipped="0" hostname="Jayarees-MacBook-Pro.local" name="Stepdef.Maidenheadlive.MAISMO17_transaction_from_finish_notice" tests="6" failures="0" timestamp="25 Nov 2019 16:16:09 GMT" time="59.337" errors="0">
  <testcase name="i_am_a_user_of_Axate_and_I_am_on_the_registration_page_through_popbitch_FUN" time="7.341" classname="Stepdef.Maidenheadlive.MAISMO17_transaction_from_finish_notice"/>
  <testcase name="i_register_successfully_on_popbitch_with_one_pound" time="31.409" classname="Stepdef.Maidenheadlive.MAISMO17_transaction_from_finish_notice"/>
  <testcase name="opt_just_charge_me_on_the_finish_notice_and_click_ok" time="0.068" classname="Stepdef.Maidenheadlive.MAISMO17_transaction_from_finish_notice"/>
  <testcase name="twentyfivep_is_displayed_on_the_green_tab" time="1.592" classname="Stepdef.Maidenheadlive.MAISMO17_transaction_from_finish_notice"/>
  <testcase name="wallet_balance_is_detucted_by_twentyfivep" time="9.766" classname="Stepdef.Maidenheadlive.MAISMO17_transaction_from_finish_notice"/>
  <testcase name="free_point_is_detucted_by_twentyfivep" time="9.161" classname="Stepdef.Maidenheadlive.MAISMO17_transaction_from_finish_notice"/>
</testsuite> <!-- Stepdef.Maidenheadlive.MAISMO17_transaction_from_finish_notice -->
