<?xml version="1.0" encoding="UTF-8"?>
<!-- Generated by org.testng.reporters.JUnitReportReporter -->
<testsuite skipped="0" hostname="Jayarees-MacBook-Pro.local" name="Stepdef.Popbitch.POPSMO29_Free_period_on_2_publications" tests="8" failures="0" timestamp="11 Dec 2019 17:43:39 GMT" time="127.751" errors="0">
  <testcase name="i_am_a_user_of_Axate_and_I_am_on_the_registration_page_through_popbitch_FUN" time="8.064" classname="Stepdef.Popbitch.POPSMO29_Free_period_on_2_publications"/>
  <testcase name="i_register_successfully_on_popbitch_with_one_pound" time="29.024" classname="Stepdef.Popbitch.POPSMO29_Free_period_on_2_publications"/>
  <testcase name="acheive_free_period_on_popbitch" time="27.030" classname="Stepdef.Popbitch.POPSMO29_Free_period_on_2_publications"/>
  <testcase name="i_navigate_to_a_premium_article_on_newbury" time="9.487" classname="Stepdef.Popbitch.POPSMO29_Free_period_on_2_publications"/>
  <testcase name="opt_just_charge_me_on_the_newpublication_notice_and_click_ok" time="20.178" classname="Stepdef.Popbitch.POPSMO29_Free_period_on_2_publications"/>
  <testcase name="i_display_the_datetime_of_the_article_read_on_newbury" time="8.302" classname="Stepdef.Popbitch.POPSMO29_Free_period_on_2_publications"/>
  <testcase name="the_free_period_on_popbitch_is_seven_days_from_the_date_time_the_first_article_was_read_on_popbitch" time="13.854" classname="Stepdef.Popbitch.POPSMO29_Free_period_on_2_publications"/>
  <testcase name="the_free_period_on_newbury_is_one_days_from_the_date_time_the_first_article_was_read_on_newbury" time="11.812" classname="Stepdef.Popbitch.POPSMO29_Free_period_on_2_publications"/>
</testsuite> <!-- Stepdef.Popbitch.POPSMO29_Free_period_on_2_publications -->
