<?xml version="1.0" encoding="UTF-8"?>
<!-- Generated by org.testng.reporters.JUnitReportReporter -->
<testsuite skipped="0" hostname="Jayarees-MacBook-Pro.local" name="Stepdef.Popbitch.POPSMO27_Popbitch_Free_Period_From_Authoirse_Charge_Notice" tests="11" failures="0" timestamp="11 Dec 2019 17:43:39 GMT" time="74.599" errors="0">
  <testcase name="i_am_a_user_of_Axate_and_I_am_on_the_registration_page_through_popbitch_FUN" time="7.930" classname="Stepdef.Popbitch.POPSMO27_Popbitch_Free_Period_From_Authoirse_Charge_Notice"/>
  <testcase name="i_register_successfully_on_popbitch_with_one_pound" time="21.005" classname="Stepdef.Popbitch.POPSMO27_Popbitch_Free_Period_From_Authoirse_Charge_Notice"/>
  <testcase name="opt_Ask_me_everytime_on_the_finish_notice_and_click_ok" time="6.105" classname="Stepdef.Popbitch.POPSMO27_Popbitch_Free_Period_From_Authoirse_Charge_Notice"/>
  <testcase name="click_ok_on_the_authorise_charge_notice_for_first_Article" time="5.685" classname="Stepdef.Popbitch.POPSMO27_Popbitch_Free_Period_From_Authoirse_Charge_Notice"/>
  <testcase name="twenty_fivep_is_detucted_from_the_wallet" time="6.083" classname="Stepdef.Popbitch.POPSMO27_Popbitch_Free_Period_From_Authoirse_Charge_Notice"/>
  <testcase name="i_display_the_datetime_of_the_article_read" time="2.001" classname="Stepdef.Popbitch.POPSMO27_Popbitch_Free_Period_From_Authoirse_Charge_Notice"/>
  <testcase name="twenty_fivep_is_detucted_from_the_free_point" time="4.158" classname="Stepdef.Popbitch.POPSMO27_Popbitch_Free_Period_From_Authoirse_Charge_Notice"/>
  <testcase name="i_navigate_to_second_premium_article_on_popbitch" time="4.650" classname="Stepdef.Popbitch.POPSMO27_Popbitch_Free_Period_From_Authoirse_Charge_Notice"/>
  <testcase name="click_ok_on_the_authorise_charge_notice_of_second_article" time="0.681" classname="Stepdef.Popbitch.POPSMO27_Popbitch_Free_Period_From_Authoirse_Charge_Notice"/>
  <testcase name="twentyfivep_is_deducted_from_the_wallet" time="6.124" classname="Stepdef.Popbitch.POPSMO27_Popbitch_Free_Period_From_Authoirse_Charge_Notice"/>
  <testcase name="free_period_is_acheived_with_free_on_the_free_point" time="10.177" classname="Stepdef.Popbitch.POPSMO27_Popbitch_Free_Period_From_Authoirse_Charge_Notice"/>
</testsuite> <!-- Stepdef.Popbitch.POPSMO27_Popbitch_Free_Period_From_Authoirse_Charge_Notice -->
