<?xml version="1.0" encoding="UTF-8"?>
<!-- Generated by org.testng.reporters.JUnitReportReporter -->
<testsuite skipped="0" hostname="Jayarees-MacBook-Pro.local" name="Stepdef.Popbitch.POPSMO18_transaction_from_authorise_charge_notice" tests="7" failures="0" timestamp="11 Dec 2019 16:34:11 GMT" time="55.077" errors="0">
  <testcase name="i_am_a_user_of_Axate_and_I_am_on_the_registration_page_through_popbitch_FUN" time="12.019" classname="Stepdef.Popbitch.POPSMO18_transaction_from_authorise_charge_notice"/>
  <testcase name="i_register_successfully_on_popbitch_with_one_pound" time="31.360" classname="Stepdef.Popbitch.POPSMO18_transaction_from_authorise_charge_notice"/>
  <testcase name="opt_just_charge_me_on_the_finish_notice_and_click_ok" time="0.119" classname="Stepdef.Popbitch.POPSMO18_transaction_from_authorise_charge_notice"/>
  <testcase name="click_ok_on_the_authorise_charge_notice" time="1.245" classname="Stepdef.Popbitch.POPSMO18_transaction_from_authorise_charge_notice"/>
  <testcase name="wallet_balance_is_detucted_by_twentyfivep" time="6.125" classname="Stepdef.Popbitch.POPSMO18_transaction_from_authorise_charge_notice"/>
  <testcase name="free_point_is_detucted_by_twentyfivep" time="4.160" classname="Stepdef.Popbitch.POPSMO18_transaction_from_authorise_charge_notice"/>
  <testcase name="full_article_is_displayed_to_the_user" time="0.049" classname="Stepdef.Popbitch.POPSMO18_transaction_from_authorise_charge_notice"/>
</testsuite> <!-- Stepdef.Popbitch.POPSMO18_transaction_from_authorise_charge_notice -->
