<?xml version="1.0" encoding="UTF-8"?>
<!-- Generated by org.testng.reporters.JUnitReportReporter -->
<testsuite skipped="0" hostname="Jayarees-MacBook-Pro.local" name="Stepdef.Popbitch.POPSMO26_Popbitch_Free_Period_From_Finish_Notice" tests="10" failures="0" timestamp="11 Dec 2019 17:43:39 GMT" time="68.440" errors="0">
  <testcase name="i_am_a_user_of_Axate_and_I_am_on_the_registration_page_through_popbitch_FUN" time="8.474" classname="Stepdef.Popbitch.POPSMO26_Popbitch_Free_Period_From_Finish_Notice"/>
  <testcase name="i_register_successfully_on_popbitch_with_one_pound" time="21.904" classname="Stepdef.Popbitch.POPSMO26_Popbitch_Free_Period_From_Finish_Notice"/>
  <testcase name="opt_Just_charge_me_on_the_finish_notice_and_click_ok" time="12.598" classname="Stepdef.Popbitch.POPSMO26_Popbitch_Free_Period_From_Finish_Notice"/>
  <testcase name="twenty_fivep_is_detucted_from_the_wallet" time="4.307" classname="Stepdef.Popbitch.POPSMO26_Popbitch_Free_Period_From_Finish_Notice"/>
  <testcase name="i_display_the_datetime_of_the_article_read" time="0.006" classname="Stepdef.Popbitch.POPSMO26_Popbitch_Free_Period_From_Finish_Notice"/>
  <testcase name="twenty_fivep_is_detucted_from_the_free_point" time="3.724" classname="Stepdef.Popbitch.POPSMO26_Popbitch_Free_Period_From_Finish_Notice"/>
  <testcase name="i_navigate_to_second_premium_article_on_popbitch" time="2.496" classname="Stepdef.Popbitch.POPSMO26_Popbitch_Free_Period_From_Finish_Notice"/>
  <testcase name="wallet_tab_displays_free" time="4.622" classname="Stepdef.Popbitch.POPSMO26_Popbitch_Free_Period_From_Finish_Notice"/>
  <testcase name="twenty_fivep_is_deducted_from_the_wallet" time="4.103" classname="Stepdef.Popbitch.POPSMO26_Popbitch_Free_Period_From_Finish_Notice"/>
  <testcase name="free_period_is_acheived_with_free_on_the_free_point" time="6.206" classname="Stepdef.Popbitch.POPSMO26_Popbitch_Free_Period_From_Finish_Notice"/>
</testsuite> <!-- Stepdef.Popbitch.POPSMO26_Popbitch_Free_Period_From_Finish_Notice -->
