<?xml version="1.0" encoding="UTF-8"?>
<!-- Generated by org.testng.reporters.JUnitReportReporter -->
<testsuite skipped="0" hostname="Jayarees-MacBook-Pro.local" name="Stepdef.Scifinowlive.SCISMO18_transaction_from_authorise_charge_notice" tests="8" failures="0" timestamp="26 Nov 2019 13:58:03 GMT" time="77.090" errors="0">
  <testcase name="i_am_a_user_of_Axate_and_I_am_on_the_registration_page_through_popbitch_FUN" time="20.753" classname="Stepdef.Scifinowlive.SCISMO18_transaction_from_authorise_charge_notice"/>
  <testcase name="i_register_successfully_on_popbitch_with_one_pound" time="34.345" classname="Stepdef.Scifinowlive.SCISMO18_transaction_from_authorise_charge_notice"/>
  <testcase name="opt_just_charge_me_on_the_finish_notice_and_click_ok" time="0.228" classname="Stepdef.Scifinowlive.SCISMO18_transaction_from_authorise_charge_notice"/>
  <testcase name="click_ok_on_the_authorise_charge_notice" time="4.532" classname="Stepdef.Scifinowlive.SCISMO18_transaction_from_authorise_charge_notice"/>
  <testcase name="twentyfivep_is_displayed_on_the_green_tab" time="1.101" classname="Stepdef.Scifinowlive.SCISMO18_transaction_from_authorise_charge_notice"/>
  <testcase name="wallet_balance_is_detucted_by_twentyfivep" time="9.893" classname="Stepdef.Scifinowlive.SCISMO18_transaction_from_authorise_charge_notice"/>
  <testcase name="free_point_is_detucted_by_twentyfivep" time="6.181" classname="Stepdef.Scifinowlive.SCISMO18_transaction_from_authorise_charge_notice"/>
  <testcase name="full_article_is_displayed_to_the_user" time="0.057" classname="Stepdef.Scifinowlive.SCISMO18_transaction_from_authorise_charge_notice"/>
</testsuite> <!-- Stepdef.Scifinowlive.SCISMO18_transaction_from_authorise_charge_notice -->
