<?xml version="1.0" encoding="UTF-8"?>
<!-- Generated by org.testng.reporters.JUnitReportReporter -->
<testsuite skipped="0" hostname="Jayarees-MacBook-Pro.local" name="Stepdef.Popbitch.POPSMO17_transaction_from_finish_notice" tests="6" failures="0" timestamp="11 Dec 2019 16:34:11 GMT" time="61.604" errors="0">
  <testcase name="i_am_a_user_of_Axate_and_I_am_on_the_registration_page_through_popbitch_FUN" time="11.054" classname="Stepdef.Popbitch.POPSMO17_transaction_from_finish_notice"/>
  <testcase name="i_register_successfully_on_popbitch_with_one_pound" time="31.490" classname="Stepdef.Popbitch.POPSMO17_transaction_from_finish_notice"/>
  <testcase name="opt_just_charge_me_on_the_finish_notice_and_click_ok" time="8.064" classname="Stepdef.Popbitch.POPSMO17_transaction_from_finish_notice"/>
  <testcase name="twentyfivep_is_displayed_on_the_green_tab" time="1.593" classname="Stepdef.Popbitch.POPSMO17_transaction_from_finish_notice"/>
  <testcase name="wallet_balance_is_detucted_by_twentyfivep" time="7.251" classname="Stepdef.Popbitch.POPSMO17_transaction_from_finish_notice"/>
  <testcase name="free_point_is_detucted_by_twentyfivep" time="2.152" classname="Stepdef.Popbitch.POPSMO17_transaction_from_finish_notice"/>
</testsuite> <!-- Stepdef.Popbitch.POPSMO17_transaction_from_finish_notice -->
