<?xml version="1.0" encoding="UTF-8"?>
<!-- Generated by org.testng.reporters.JUnitReportReporter -->
<testsuite skipped="0" hostname="Jayarees-MacBook-Pro.local" name="Stepdef.reaction.REASMO19_Transaction_from_new_pub_notice" tests="8" failures="0" timestamp="27 Nov 2019 17:02:53 GMT" time="74.097" errors="0">
  <testcase name="i_am_a_user_of_Axate_and_I_am_on_the_registration_page_through_popbitch_FUN" time="6.940" classname="Stepdef.reaction.REASMO19_Transaction_from_new_pub_notice"/>
  <testcase name="i_register_successfully_on_popbitch_with_one_pound" time="28.524" classname="Stepdef.reaction.REASMO19_Transaction_from_new_pub_notice"/>
  <testcase name="click_ok_on_the_finish_notice" time="2.073" classname="Stepdef.reaction.REASMO19_Transaction_from_new_pub_notice"/>
  <testcase name="navigate_to_a_premium_article_on_newbury" time="2.926" classname="Stepdef.reaction.REASMO19_Transaction_from_new_pub_notice"/>
  <testcase name="opt_just_charge_me_on_the_newpublication_notice_and_click_ok" time="20.231" classname="Stepdef.reaction.REASMO19_Transaction_from_new_pub_notice"/>
  <testcase name="wallet_balance_is_detucted_by_twentyp" time="6.155" classname="Stepdef.reaction.REASMO19_Transaction_from_new_pub_notice"/>
  <testcase name="free_point_is_detucted_by_twentyp" time="4.198" classname="Stepdef.reaction.REASMO19_Transaction_from_new_pub_notice"/>
  <testcase name="full_article_is_displayed_to_the_user" time="3.050" classname="Stepdef.reaction.REASMO19_Transaction_from_new_pub_notice"/>
</testsuite> <!-- Stepdef.reaction.REASMO19_Transaction_from_new_pub_notice -->
