<?xml version="1.0" encoding="UTF-8"?>
<!-- Generated by org.testng.reporters.JUnitReportReporter -->
<testsuite skipped="0" hostname="Jayarees-MacBook-Pro.local" name="Stepdef.Scifinowlive.SCISMO17_transaction_from_finish_notice" tests="7" failures="0" timestamp="25 Nov 2019 17:17:21 GMT" time="67.792" errors="0">
  <testcase name="i_am_a_user_of_Axate_and_I_am_on_the_registration_page_through_popbitch_FUN" time="18.257" classname="Stepdef.Scifinowlive.SCISMO17_transaction_from_finish_notice"/>
  <testcase name="i_register_successfully_on_popbitch_with_one_pound" time="31.756" classname="Stepdef.Scifinowlive.SCISMO17_transaction_from_finish_notice"/>
  <testcase name="opt_just_charge_me_on_the_finish_notice_and_click_ok" time="0.102" classname="Stepdef.Scifinowlive.SCISMO17_transaction_from_finish_notice"/>
  <testcase name="twentyfivep_is_displayed_on_the_green_tab" time="1.597" classname="Stepdef.Scifinowlive.SCISMO17_transaction_from_finish_notice"/>
  <testcase name="wallet_balance_is_detucted_by_twentyfivep" time="9.835" classname="Stepdef.Scifinowlive.SCISMO17_transaction_from_finish_notice"/>
  <testcase name="free_point_is_detucted_by_twentyfivep" time="6.193" classname="Stepdef.Scifinowlive.SCISMO17_transaction_from_finish_notice"/>
  <testcase name="full_article_is_displayed_to_the_user" time="0.052" classname="Stepdef.Scifinowlive.SCISMO17_transaction_from_finish_notice"/>
</testsuite> <!-- Stepdef.Scifinowlive.SCISMO17_transaction_from_finish_notice -->
