<?xml version="1.0" encoding="UTF-8"?>
<!-- Generated by org.testng.reporters.JUnitReportReporter -->
<testsuite skipped="0" hostname="Jayarees-MacBook-Pro.local" name="Stepdef.Popbitch.POPSMO13_Popbitch_User_Registers_with_Country_As_US" tests="8" failures="0" timestamp="20 Jan 2020 10:50:10 GMT" time="58.818" errors="0">
  <testcase name="i_am_a_user_of_Axate_and_I_am_on_the_registration_page_through_popbitch_FUN" time="7.780" classname="Stepdef.Popbitch.POPSMO13_Popbitch_User_Registers_with_Country_As_US"/>
  <testcase name="i_enter_all_the_required_details_on_step_one_and_click_on_continue" time="31.232" classname="Stepdef.Popbitch.POPSMO13_Popbitch_User_Registers_with_Country_As_US"/>
  <testcase name="i_click_on_one_pound_on_regpage_two" time="0.001" classname="Stepdef.Popbitch.POPSMO13_Popbitch_User_Registers_with_Country_As_US"/>
  <testcase name="enter_valid_card_details" time="3.665" classname="Stepdef.Popbitch.POPSMO13_Popbitch_User_Registers_with_Country_As_US"/>
  <testcase name="i_select_country_as_United_states_from_the_drop_down_on_reg_page_two" time="0.175" classname="Stepdef.Popbitch.POPSMO13_Popbitch_User_Registers_with_Country_As_US"/>
  <testcase name="i_enter_state_as_Alaska" time="0.089" classname="Stepdef.Popbitch.POPSMO13_Popbitch_User_Registers_with_Country_As_US"/>
  <testcase name="i_enter_Zipcode" time="0.207" classname="Stepdef.Popbitch.POPSMO13_Popbitch_User_Registers_with_Country_As_US"/>
  <testcase name="country_in_the_personal_information_page_in_the_account_page_is_united_states" time="15.669" classname="Stepdef.Popbitch.POPSMO13_Popbitch_User_Registers_with_Country_As_US"/>
</testsuite> <!-- Stepdef.Popbitch.POPSMO13_Popbitch_User_Registers_with_Country_As_US -->
