<?xml version="1.0" encoding="UTF-8"?>
<!-- Generated by org.testng.reporters.JUnitReportReporter -->
<testsuite skipped="0" hostname="Jayarees-MacBook-Pro.local" name="Stepdef.Maidenheadlive.MAISMO19_transaction_from_new_publication_notice" tests="7" failures="0" timestamp="27 Nov 2019 16:24:10 GMT" time="71.022" errors="0">
  <testcase name="i_am_a_user_of_Axate_and_I_am_on_the_registration_page_through_popbitch_FUN" time="6.291" classname="Stepdef.Maidenheadlive.MAISMO19_transaction_from_new_publication_notice"/>
  <testcase name="i_register_successfully_on_popbitch_with_one_pound" time="29.979" classname="Stepdef.Maidenheadlive.MAISMO19_transaction_from_new_publication_notice"/>
  <testcase name="click_ok_on_the_finish_notice" time="2.076" classname="Stepdef.Maidenheadlive.MAISMO19_transaction_from_new_publication_notice"/>
  <testcase name="navigate_to_a_premium_article_on_maidenhead" time="2.144" classname="Stepdef.Maidenheadlive.MAISMO19_transaction_from_new_publication_notice"/>
  <testcase name="opt_just_charge_me_on_the_newpublication_notice_and_click_ok" time="20.163" classname="Stepdef.Maidenheadlive.MAISMO19_transaction_from_new_publication_notice"/>
  <testcase name="wallet_balance_is_detucted_by_twentyp" time="6.186" classname="Stepdef.Maidenheadlive.MAISMO19_transaction_from_new_publication_notice"/>
  <testcase name="free_point_is_detucted_by_twentyfivep" time="4.183" classname="Stepdef.Maidenheadlive.MAISMO19_transaction_from_new_publication_notice"/>
</testsuite> <!-- Stepdef.Maidenheadlive.MAISMO19_transaction_from_new_publication_notice -->
