<?xml version="1.0" encoding="UTF-8"?>
<!-- Generated by org.testng.reporters.JUnitReportReporter -->
<testsuite skipped="0" hostname="Jayarees-MacBook-Pro.local" name="Stepdef.Popbitch.POPSMO24_Auto_Charge_Button_Back_Wallet_On" tests="8" failures="0" timestamp="11 Dec 2019 17:33:42 GMT" time="62.100" errors="0">
  <testcase name="i_am_a_user_of_Axate_and_I_am_on_the_registration_page_through_popbitch_FUN" time="7.452" classname="Stepdef.Popbitch.POPSMO24_Auto_Charge_Button_Back_Wallet_On"/>
  <testcase name="i_register_successfully_on_popbitch_with_one_pound" time="22.914" classname="Stepdef.Popbitch.POPSMO24_Auto_Charge_Button_Back_Wallet_On"/>
  <testcase name="opt_Ask_me_everytime_on_the_finish_notice_and_click_ok" time="5.013" classname="Stepdef.Popbitch.POPSMO24_Auto_Charge_Button_Back_Wallet_On"/>
  <testcase name="click_ok_on_the_authorise_charge_notice" time="1.179" classname="Stepdef.Popbitch.POPSMO24_Auto_Charge_Button_Back_Wallet_On"/>
  <testcase name="i_open_the_flipped_wallet" time="11.583" classname="Stepdef.Popbitch.POPSMO24_Auto_Charge_Button_Back_Wallet_On"/>
  <testcase name="opt_Just_charge_me_on_the_autocharge_button_on_the_wallet" time="6.143" classname="Stepdef.Popbitch.POPSMO24_Auto_Charge_Button_Back_Wallet_On"/>
  <testcase name="navigate_to_another_premium_article_on_popbitch" time="0.640" classname="Stepdef.Popbitch.POPSMO24_Auto_Charge_Button_Back_Wallet_On"/>
  <testcase name="wallet_balance_is_detucted_by_twentyfivep" time="7.176" classname="Stepdef.Popbitch.POPSMO24_Auto_Charge_Button_Back_Wallet_On"/>
</testsuite> <!-- Stepdef.Popbitch.POPSMO24_Auto_Charge_Button_Back_Wallet_On -->
