<?xml version="1.0" encoding="UTF-8"?>
<!-- Generated by org.testng.reporters.JUnitReportReporter -->
<testsuite skipped="0" hostname="Jayarees-MacBook-Pro.local" name="Stepdef.Popbitch.POPSMO31_Login_From_Wallet" tests="5" failures="0" timestamp="11 Dec 2019 17:43:39 GMT" time="13.419" errors="0">
  <testcase name="i_am_a_user_of_Axate_and_I_am_on_the_Login_page_wallet" time="6.280" classname="Stepdef.Popbitch.POPSMO31_Login_From_Wallet"/>
  <testcase name="i_enter_a_valid_email_and_a_valid_password_on_the_login_page" time="0.477" classname="Stepdef.Popbitch.POPSMO31_Login_From_Wallet"/>
  <testcase name="i_click_on_continue_on_login_page" time="0.128" classname="Stepdef.Popbitch.POPSMO31_Login_From_Wallet"/>
  <testcase name="i_am_successfully_logged_in_to_axate" time="6.404" classname="Stepdef.Popbitch.POPSMO31_Login_From_Wallet"/>
  <testcase name="i_am_navigated_to_popbitch_homepage" time="0.130" classname="Stepdef.Popbitch.POPSMO31_Login_From_Wallet"/>
</testsuite> <!-- Stepdef.Popbitch.POPSMO31_Login_From_Wallet -->
