<?xml version="1.0" encoding="UTF-8"?>
<!-- Generated by org.testng.reporters.JUnitReportReporter -->
<testsuite skipped="0" hostname="Jayarees-MacBook-Pro.local" name="Stepdef.Examinerlive.EXASMO19_Transaction_from_New_pub" tests="8" failures="0" timestamp="27 Nov 2019 14:38:14 GMT" time="75.766" errors="0">
  <testcase name="i_am_a_user_of_Axate_and_I_am_on_the_registration_page_through_popbitch_FUN" time="6.795" classname="Stepdef.Examinerlive.EXASMO19_Transaction_from_New_pub"/>
  <testcase name="i_register_successfully_on_popbitch_with_one_pound" time="31.063" classname="Stepdef.Examinerlive.EXASMO19_Transaction_from_New_pub"/>
  <testcase name="click_ok_on_the_finish_notice" time="2.071" classname="Stepdef.Examinerlive.EXASMO19_Transaction_from_New_pub"/>
  <testcase name="navigate_to_a_premium_article_on_examiner" time="5.036" classname="Stepdef.Examinerlive.EXASMO19_Transaction_from_New_pub"/>
  <testcase name="opt_just_charge_me_on_the_newpublication_notice_and_click_ok" time="20.295" classname="Stepdef.Examinerlive.EXASMO19_Transaction_from_New_pub"/>
  <testcase name="wallet_balance_is_detucted_by_twentyp" time="6.225" classname="Stepdef.Examinerlive.EXASMO19_Transaction_from_New_pub"/>
  <testcase name="free_point_is_detucted_by_twentyfivep" time="4.227" classname="Stepdef.Examinerlive.EXASMO19_Transaction_from_New_pub"/>
  <testcase name="full_article_is_displayed_to_the_user" time="0.054" classname="Stepdef.Examinerlive.EXASMO19_Transaction_from_New_pub"/>
</testsuite> <!-- Stepdef.Examinerlive.EXASMO19_Transaction_from_New_pub -->
