<?xml version="1.0" encoding="UTF-8"?>
<!-- Generated by org.testng.reporters.JUnitReportReporter -->
<testsuite skipped="0" hostname="Jayarees-MacBook-Pro.local" name="Stepdef.Popbitch.POPSMO20_Unread_Updates_On_Date_Wallet_Back" tests="5" failures="0" timestamp="11 Dec 2019 16:34:11 GMT" time="41.709" errors="0">
  <testcase name="i_am_a_user_of_Axate_and_I_am_on_the_registration_page_through_popbitch_FUN" time="11.881" classname="Stepdef.Popbitch.POPSMO20_Unread_Updates_On_Date_Wallet_Back"/>
  <testcase name="i_register_successfully_on_popbitch_with_one_pound" time="21.201" classname="Stepdef.Popbitch.POPSMO20_Unread_Updates_On_Date_Wallet_Back"/>
  <testcase name="i_open_the_wallet" time="4.340" classname="Stepdef.Popbitch.POPSMO20_Unread_Updates_On_Date_Wallet_Back"/>
  <testcase name="i_flip_the_wallet" time="2.178" classname="Stepdef.Popbitch.POPSMO20_Unread_Updates_On_Date_Wallet_Back"/>
  <testcase name="the_updates_on_date_on_the_back_of_the_wallet_is_sevendaysdays_from_current_datetime" time="2.109" classname="Stepdef.Popbitch.POPSMO20_Unread_Updates_On_Date_Wallet_Back"/>
</testsuite> <!-- Stepdef.Popbitch.POPSMO20_Unread_Updates_On_Date_Wallet_Back -->
