<?xml version="1.0" encoding="UTF-8"?>
<!-- Generated by org.testng.reporters.JUnitReportReporter -->
<testsuite skipped="0" hostname="Jayarees-MacBook-Pro.local" name="Stepdef.Popbitch.POPSMO28_Free_period_from_new_publication_notice" tests="10" failures="0" timestamp="11 Dec 2019 17:43:39 GMT" time="81.202" errors="0">
  <testcase name="i_am_a_user_of_Axate_and_I_am_on_the_registration_page_through_reaction_FUN" time="6.674" classname="Stepdef.Popbitch.POPSMO28_Free_period_from_new_publication_notice"/>
  <testcase name="i_register_successfully_on_reaction_with_one_pound" time="25.371" classname="Stepdef.Popbitch.POPSMO28_Free_period_from_new_publication_notice"/>
  <testcase name="opt_just_charge_me_on_the_finish_notice_and_click_ok" time="6.220" classname="Stepdef.Popbitch.POPSMO28_Free_period_from_new_publication_notice"/>
  <testcase name="i_navigate_to_a_premium_article_on_popbitch" time="5.296" classname="Stepdef.Popbitch.POPSMO28_Free_period_from_new_publication_notice"/>
  <testcase name="i_opt_just_cahrge_me_on_the_newpublication_notice_and_click_ok" time="20.145" classname="Stepdef.Popbitch.POPSMO28_Free_period_from_new_publication_notice"/>
  <testcase name="i_display_the_datetime_of_the_article_read" time="0.001" classname="Stepdef.Popbitch.POPSMO28_Free_period_from_new_publication_notice"/>
  <testcase name="twentyfivep_is_deducted_from_the_wallet_after_first_article" time="4.087" classname="Stepdef.Popbitch.POPSMO28_Free_period_from_new_publication_notice"/>
  <testcase name="i_navigate_to_second_premium_article_on_popbitch" time="3.129" classname="Stepdef.Popbitch.POPSMO28_Free_period_from_new_publication_notice"/>
  <testcase name="twentyfivep_is_deducted_from_the_wallet" time="4.126" classname="Stepdef.Popbitch.POPSMO28_Free_period_from_new_publication_notice"/>
  <testcase name="free_period_is_acheived_with_free_on_the_free_point" time="6.153" classname="Stepdef.Popbitch.POPSMO28_Free_period_from_new_publication_notice"/>
</testsuite> <!-- Stepdef.Popbitch.POPSMO28_Free_period_from_new_publication_notice -->
