<?xml version="1.0" encoding="UTF-8"?>
<!-- Generated by org.testng.reporters.JUnitReportReporter -->
<testsuite skipped="0" hostname="Jayarees-MacBook-Pro.local" name="Stepdef.Popbitch.POPSMO25_First_Use_Notice_Displayed" tests="3" failures="0" timestamp="11 Dec 2019 17:33:42 GMT" time="5.194" errors="0">
  <testcase name="i_am_a_user_of_Axate_and_in_a_logged_out_state" time="1.197" classname="Stepdef.Popbitch.POPSMO25_First_Use_Notice_Displayed"/>
  <testcase name="i_navigate_to_a_premium_article_on_popbitch" time="1.913" classname="Stepdef.Popbitch.POPSMO25_First_Use_Notice_Displayed"/>
  <testcase name="the_first_use_notice_is_displayed" time="2.084" classname="Stepdef.Popbitch.POPSMO25_First_Use_Notice_Displayed"/>
</testsuite> <!-- Stepdef.Popbitch.POPSMO25_First_Use_Notice_Displayed -->
