<?xml version="1.0" encoding="UTF-8"?>
<!-- Generated by org.testng.reporters.JUnitReportReporter -->
<testsuite skipped="0" hostname="Jayarees-MacBook-Pro.local" name="Stepdef.Popbitch.POPSMO21_Read_Updates_On_Date_Wallet_Back" tests="7" failures="0" timestamp="11 Dec 2019 17:33:42 GMT" time="50.448" errors="0">
  <testcase name="i_am_a_user_of_Axate_and_I_am_on_the_registration_page_through_popbitch_FUN" time="12.822" classname="Stepdef.Popbitch.POPSMO21_Read_Updates_On_Date_Wallet_Back"/>
  <testcase name="i_register_successfully_on_popbitch_with_one_pound" time="22.810" classname="Stepdef.Popbitch.POPSMO21_Read_Updates_On_Date_Wallet_Back"/>
  <testcase name="i_read_an_article_on_popbitch" time="6.471" classname="Stepdef.Popbitch.POPSMO21_Read_Updates_On_Date_Wallet_Back"/>
  <testcase name="i_display_the_datetime_of_the_article_read" time="0.006" classname="Stepdef.Popbitch.POPSMO21_Read_Updates_On_Date_Wallet_Back"/>
  <testcase name="i_open_the_wallet" time="0.050" classname="Stepdef.Popbitch.POPSMO21_Read_Updates_On_Date_Wallet_Back"/>
  <testcase name="i_flip_the_wallet" time="4.176" classname="Stepdef.Popbitch.POPSMO21_Read_Updates_On_Date_Wallet_Back"/>
  <testcase name="the_updates_on_date_on_the_back_of_the_wallet_is_seven_days_from_datetime_noted_when_I_read_the_first_article" time="4.113" classname="Stepdef.Popbitch.POPSMO21_Read_Updates_On_Date_Wallet_Back"/>
</testsuite> <!-- Stepdef.Popbitch.POPSMO21_Read_Updates_On_Date_Wallet_Back -->
