<?xml version="1.0" encoding="UTF-8"?>
<!-- Generated by org.testng.reporters.JUnitReportReporter -->
<testsuite skipped="0" hostname="Jayarees-MacBook-Pro.local" name="Stepdef.Cricketerlive.CRISMO18_Transaction_from_authorise_charge_notice" tests="8" failures="0" timestamp="26 Nov 2019 11:15:10 GMT" time="50.643" errors="0">
  <testcase name="i_am_a_user_of_Axate_and_I_am_on_the_registration_page_through_popbitch_FUN" time="6.243" classname="Stepdef.Cricketerlive.CRISMO18_Transaction_from_authorise_charge_notice"/>
  <testcase name="i_register_successfully_on_popbitch_with_one_pound" time="32.114" classname="Stepdef.Cricketerlive.CRISMO18_Transaction_from_authorise_charge_notice"/>
  <testcase name="opt_just_charge_me_on_the_finish_notice_and_click_ok" time="0.127" classname="Stepdef.Cricketerlive.CRISMO18_Transaction_from_authorise_charge_notice"/>
  <testcase name="click_ok_on_the_authorise_charge_notice" time="1.240" classname="Stepdef.Cricketerlive.CRISMO18_Transaction_from_authorise_charge_notice"/>
  <testcase name="twentyfivep_is_displayed_on_the_green_tab" time="0.552" classname="Stepdef.Cricketerlive.CRISMO18_Transaction_from_authorise_charge_notice"/>
  <testcase name="wallet_balance_is_detucted_by_twentyfivep" time="6.148" classname="Stepdef.Cricketerlive.CRISMO18_Transaction_from_authorise_charge_notice"/>
  <testcase name="free_point_is_detucted_by_twentyfivep" time="4.170" classname="Stepdef.Cricketerlive.CRISMO18_Transaction_from_authorise_charge_notice"/>
  <testcase name="full_article_is_displayed_to_the_user" time="0.049" classname="Stepdef.Cricketerlive.CRISMO18_Transaction_from_authorise_charge_notice"/>
</testsuite> <!-- Stepdef.Cricketerlive.CRISMO18_Transaction_from_authorise_charge_notice -->
