<?xml version="1.0" encoding="UTF-8"?>
<!-- Generated by org.testng.reporters.JUnitReportReporter -->
<testsuite skipped="0" hostname="Jayarees-MacBook-Pro.local" name="Stepdef.Maidenheadlive.MAISMO18_transaction_from_authorise_charge_notice" tests="7" failures="0" timestamp="26 Nov 2019 12:33:39 GMT" time="55.857" errors="0">
  <testcase name="i_am_a_user_of_Axate_and_I_am_on_the_registration_page_through_popbitch_FUN" time="7.850" classname="Stepdef.Maidenheadlive.MAISMO18_transaction_from_authorise_charge_notice"/>
  <testcase name="i_register_successfully_on_popbitch_with_one_pound" time="30.159" classname="Stepdef.Maidenheadlive.MAISMO18_transaction_from_authorise_charge_notice"/>
  <testcase name="opt_just_charge_me_on_the_finish_notice_and_click_ok" time="0.130" classname="Stepdef.Maidenheadlive.MAISMO18_transaction_from_authorise_charge_notice"/>
  <testcase name="click_ok_on_the_authorise_charge_notice" time="2.646" classname="Stepdef.Maidenheadlive.MAISMO18_transaction_from_authorise_charge_notice"/>
  <testcase name="twentyfivep_is_displayed_on_the_green_tab" time="1.079" classname="Stepdef.Maidenheadlive.MAISMO18_transaction_from_authorise_charge_notice"/>
  <testcase name="wallet_balance_is_detucted_by_twentyfivep" time="9.785" classname="Stepdef.Maidenheadlive.MAISMO18_transaction_from_authorise_charge_notice"/>
  <testcase name="free_point_is_detucted_by_twentyfivep" time="4.208" classname="Stepdef.Maidenheadlive.MAISMO18_transaction_from_authorise_charge_notice"/>
</testsuite> <!-- Stepdef.Maidenheadlive.MAISMO18_transaction_from_authorise_charge_notice -->
